{"meta": {"version": "7.2.7", "timestamp": "2023-07-26T21:24:14.841987", "branch_coverage": false, "show_contexts": false}, "files": {"aioskd/__init__.py": {"executed_lines": [1], "summary": {"covered_lines": 1, "num_statements": 1, "percent_covered": 100.0, "percent_covered_display": "100", "missing_lines": 0, "excluded_lines": 0}, "missing_lines": [], "excluded_lines": []}, "aioskd/cli.py": {"executed_lines": [1, 2, 3, 6, 8, 10, 11, 13, 17, 18, 19, 20, 21, 22, 24, 27, 28, 29, 43, 47, 49, 51, 54, 55, 56, 58], "summary": {"covered_lines": 25, "num_statements": 25, "percent_covered": 100.0, "percent_covered_display": "100", "missing_lines": 0, "excluded_lines": 2}, "missing_lines": [], "excluded_lines": [58, 59]}, "aioskd/scheduler.py": {"executed_lines": [1, 2, 3, 4, 7, 8, 17, 18, 19, 20, 21, 22, 23, 24, 26, 27, 28, 30, 32, 33, 34, 36, 40, 41, 43, 44, 45, 46, 47, 49, 53, 54, 55, 57, 58, 61, 62, 77, 78, 80, 85, 86, 87, 88, 89, 90, 92, 94, 98, 100, 104, 105, 106, 108, 116, 120, 121, 122, 123, 124, 126, 128, 129], "summary": {"covered_lines": 60, "num_statements": 60, "percent_covered": 100.0, "percent_covered_display": "100", "missing_lines": 0, "excluded_lines": 0}, "missing_lines": [], "excluded_lines": []}}, "totals": {"covered_lines": 86, "num_statements": 86, "percent_covered": 100.0, "percent_covered_display": "100", "missing_lines": 0, "excluded_lines": 2}}